<?xml version="1.0" encoding="UTF-8"?>
<testng-results ignored="0" total="8" passed="8" failed="0" skipped="0">
  <reporter-output>
  </reporter-output>
  <suite started-at="2025-02-28T17:19:55 IST" name="Surefire suite" finished-at="2025-02-28T17:21:22 IST" duration-ms="86352">
    <groups>
      <group name="cucumber">
        <method signature="AbstractTestNGCucumberTests.runScenario(io.cucumber.testng.PickleWrapper,io.cucumber.testng.FeatureWrapper)[pri:0, instance:Runner.TestRunner@5286c33a]" name="runScenario" class="io.cucumber.testng.AbstractTestNGCucumberTests"/>
      </group> <!-- cucumber -->
    </groups>
    <test started-at="2025-02-28T17:19:55 IST" name="Surefire test" finished-at="2025-02-28T17:21:22 IST" duration-ms="86352">
      <class name="Runner.TestRunner">
        <test-method is-config="true" signature="setUpClass(org.testng.ITestContext)[pri:0, instance:Runner.TestRunner@5286c33a]" started-at="2025-02-28T17:19:55 IST" name="setUpClass" finished-at="2025-02-28T17:19:57 IST" duration-ms="1518" status="PASS">
          <params>
            <param index="0">
              <value>
                <![CDATA[org.testng.TestRunner@7096d451]]>
              </value>
            </param>
          </params>
          <reporter-output>
          </reporter-output>
        </test-method> <!-- setUpClass -->
        <test-method signature="runScenario(io.cucumber.testng.PickleWrapper,io.cucumber.testng.FeatureWrapper)[pri:0, instance:Runner.TestRunner@5286c33a]" started-at="2025-02-28T17:19:57 IST" name="runScenario" description="Runs Cucumber Scenarios" data-provider="scenarios" finished-at="2025-02-28T17:20:09 IST" duration-ms="11977" status="PASS">
          <params>
            <param index="0">
              <value>
                <![CDATA["Successful Login valid credentials"]]>
              </value>
            </param>
            <param index="1">
              <value>
                <![CDATA["Login Feature"]]>
              </value>
            </param>
          </params>
          <reporter-output>
          </reporter-output>
        </test-method> <!-- runScenario -->
        <test-method signature="runScenario(io.cucumber.testng.PickleWrapper,io.cucumber.testng.FeatureWrapper)[pri:0, instance:Runner.TestRunner@5286c33a]" started-at="2025-02-28T17:20:09 IST" name="runScenario" description="Runs Cucumber Scenarios" data-provider="scenarios" finished-at="2025-02-28T17:20:19 IST" duration-ms="10124" status="PASS">
          <params>
            <param index="0">
              <value>
                <![CDATA["Successful Login valid credentials"]]>
              </value>
            </param>
            <param index="1">
              <value>
                <![CDATA["Login Feature"]]>
              </value>
            </param>
          </params>
          <reporter-output>
          </reporter-output>
        </test-method> <!-- runScenario -->
        <test-method signature="runScenario(io.cucumber.testng.PickleWrapper,io.cucumber.testng.FeatureWrapper)[pri:0, instance:Runner.TestRunner@5286c33a]" started-at="2025-02-28T17:20:19 IST" name="runScenario" description="Runs Cucumber Scenarios" data-provider="scenarios" finished-at="2025-02-28T17:20:29 IST" duration-ms="10195" status="PASS">
          <params>
            <param index="0">
              <value>
                <![CDATA["Successful Login sing excel data"]]>
              </value>
            </param>
            <param index="1">
              <value>
                <![CDATA["LoginUsingExcelData Feature"]]>
              </value>
            </param>
          </params>
          <reporter-output>
          </reporter-output>
        </test-method> <!-- runScenario -->
        <test-method signature="runScenario(io.cucumber.testng.PickleWrapper,io.cucumber.testng.FeatureWrapper)[pri:0, instance:Runner.TestRunner@5286c33a]" started-at="2025-02-28T17:20:29 IST" name="runScenario" description="Runs Cucumber Scenarios" data-provider="scenarios" finished-at="2025-02-28T17:20:38 IST" duration-ms="8382" status="PASS">
          <params>
            <param index="0">
              <value>
                <![CDATA["Successful Login sing excel data"]]>
              </value>
            </param>
            <param index="1">
              <value>
                <![CDATA["LoginUsingExcelData Feature"]]>
              </value>
            </param>
          </params>
          <reporter-output>
          </reporter-output>
        </test-method> <!-- runScenario -->
        <test-method signature="runScenario(io.cucumber.testng.PickleWrapper,io.cucumber.testng.FeatureWrapper)[pri:0, instance:Runner.TestRunner@5286c33a]" started-at="2025-02-28T17:20:38 IST" name="runScenario" description="Runs Cucumber Scenarios" data-provider="scenarios" finished-at="2025-02-28T17:20:46 IST" duration-ms="8738" status="PASS">
          <params>
            <param index="0">
              <value>
                <![CDATA["Successful Login sing excel data"]]>
              </value>
            </param>
            <param index="1">
              <value>
                <![CDATA["LoginUsingExcelData Feature"]]>
              </value>
            </param>
          </params>
          <reporter-output>
          </reporter-output>
        </test-method> <!-- runScenario -->
        <test-method signature="runScenario(io.cucumber.testng.PickleWrapper,io.cucumber.testng.FeatureWrapper)[pri:0, instance:Runner.TestRunner@5286c33a]" started-at="2025-02-28T17:20:46 IST" name="runScenario" description="Runs Cucumber Scenarios" data-provider="scenarios" finished-at="2025-02-28T17:20:55 IST" duration-ms="8480" status="PASS">
          <params>
            <param index="0">
              <value>
                <![CDATA["Successful Login sing excel data"]]>
              </value>
            </param>
            <param index="1">
              <value>
                <![CDATA["LoginUsingExcelData Feature"]]>
              </value>
            </param>
          </params>
          <reporter-output>
          </reporter-output>
        </test-method> <!-- runScenario -->
        <test-method signature="runScenario(io.cucumber.testng.PickleWrapper,io.cucumber.testng.FeatureWrapper)[pri:0, instance:Runner.TestRunner@5286c33a]" started-at="2025-02-28T17:20:55 IST" name="runScenario" description="Runs Cucumber Scenarios" data-provider="scenarios" finished-at="2025-02-28T17:21:03 IST" duration-ms="8685" status="PASS">
          <params>
            <param index="0">
              <value>
                <![CDATA["Successful Login sing excel data"]]>
              </value>
            </param>
            <param index="1">
              <value>
                <![CDATA["LoginUsingExcelData Feature"]]>
              </value>
            </param>
          </params>
          <reporter-output>
          </reporter-output>
        </test-method> <!-- runScenario -->
        <test-method signature="runScenario(io.cucumber.testng.PickleWrapper,io.cucumber.testng.FeatureWrapper)[pri:0, instance:Runner.TestRunner@5286c33a]" started-at="2025-02-28T17:21:03 IST" name="runScenario" description="Runs Cucumber Scenarios" data-provider="scenarios" finished-at="2025-02-28T17:21:13 IST" duration-ms="9354" status="PASS">
          <params>
            <param index="0">
              <value>
                <![CDATA["Successful resgistration"]]>
              </value>
            </param>
            <param index="1">
              <value>
                <![CDATA["Account Registration Feature"]]>
              </value>
            </param>
          </params>
          <reporter-output>
          </reporter-output>
        </test-method> <!-- runScenario -->
        <test-method is-config="true" signature="tearDownClass()[pri:0, instance:Runner.TestRunner@5286c33a]" started-at="2025-02-28T17:21:13 IST" name="tearDownClass" finished-at="2025-02-28T17:21:22 IST" duration-ms="8807" status="PASS">
          <reporter-output>
          </reporter-output>
        </test-method> <!-- tearDownClass -->
      </class> <!-- Runner.TestRunner -->
    </test> <!-- Surefire test -->
  </suite> <!-- Surefire suite -->
</testng-results>
