<?xml version="1.0" encoding="UTF-8"?>
<testng-results ignored="0" total="8" passed="8" failed="0" skipped="0">
  <reporter-output>
  </reporter-output>
  <suite started-at="2025-03-03T11:06:21 IST" name="Surefire suite" finished-at="2025-03-03T11:08:12 IST" duration-ms="110625">
    <groups>
      <group name="cucumber">
        <method signature="AbstractTestNGCucumberTests.runScenario(io.cucumber.testng.PickleWrapper,io.cucumber.testng.FeatureWrapper)[pri:0, instance:Runner.TestRunner@5286c33a]" name="runScenario" class="io.cucumber.testng.AbstractTestNGCucumberTests"/>
      </group> <!-- cucumber -->
    </groups>
    <test started-at="2025-03-03T11:06:21 IST" name="Surefire test" finished-at="2025-03-03T11:08:12 IST" duration-ms="110625">
      <class name="Runner.TestRunner">
        <test-method is-config="true" signature="setUpClass(org.testng.ITestContext)[pri:0, instance:Runner.TestRunner@5286c33a]" started-at="2025-03-03T11:06:21 IST" name="setUpClass" finished-at="2025-03-03T11:06:22 IST" duration-ms="1339" status="PASS">
          <params>
            <param index="0">
              <value>
                <![CDATA[org.testng.TestRunner@66456506]]>
              </value>
            </param>
          </params>
          <reporter-output>
          </reporter-output>
        </test-method> <!-- setUpClass -->
        <test-method signature="runScenario(io.cucumber.testng.PickleWrapper,io.cucumber.testng.FeatureWrapper)[pri:0, instance:Runner.TestRunner@5286c33a]" started-at="2025-03-03T11:06:22 IST" name="runScenario" description="Runs Cucumber Scenarios" data-provider="scenarios" finished-at="2025-03-03T11:06:33 IST" duration-ms="10989" status="PASS">
          <params>
            <param index="0">
              <value>
                <![CDATA["Successful Login valid credentials"]]>
              </value>
            </param>
            <param index="1">
              <value>
                <![CDATA["Login Feature"]]>
              </value>
            </param>
          </params>
          <reporter-output>
          </reporter-output>
        </test-method> <!-- runScenario -->
        <test-method signature="runScenario(io.cucumber.testng.PickleWrapper,io.cucumber.testng.FeatureWrapper)[pri:0, instance:Runner.TestRunner@5286c33a]" started-at="2025-03-03T11:06:33 IST" name="runScenario" description="Runs Cucumber Scenarios" data-provider="scenarios" finished-at="2025-03-03T11:07:03 IST" duration-ms="29189" status="PASS">
          <params>
            <param index="0">
              <value>
                <![CDATA["Successful Login valid credentials"]]>
              </value>
            </param>
            <param index="1">
              <value>
                <![CDATA["Login Feature"]]>
              </value>
            </param>
          </params>
          <reporter-output>
          </reporter-output>
        </test-method> <!-- runScenario -->
        <test-method signature="runScenario(io.cucumber.testng.PickleWrapper,io.cucumber.testng.FeatureWrapper)[pri:0, instance:Runner.TestRunner@5286c33a]" started-at="2025-03-03T11:07:03 IST" name="runScenario" description="Runs Cucumber Scenarios" data-provider="scenarios" finished-at="2025-03-03T11:07:12 IST" duration-ms="9061" status="PASS">
          <params>
            <param index="0">
              <value>
                <![CDATA["Successful Login sing excel data"]]>
              </value>
            </param>
            <param index="1">
              <value>
                <![CDATA["LoginUsingExcelData Feature"]]>
              </value>
            </param>
          </params>
          <reporter-output>
          </reporter-output>
        </test-method> <!-- runScenario -->
        <test-method signature="runScenario(io.cucumber.testng.PickleWrapper,io.cucumber.testng.FeatureWrapper)[pri:0, instance:Runner.TestRunner@5286c33a]" started-at="2025-03-03T11:07:12 IST" name="runScenario" description="Runs Cucumber Scenarios" data-provider="scenarios" finished-at="2025-03-03T11:07:19 IST" duration-ms="7728" status="PASS">
          <params>
            <param index="0">
              <value>
                <![CDATA["Successful Login sing excel data"]]>
              </value>
            </param>
            <param index="1">
              <value>
                <![CDATA["LoginUsingExcelData Feature"]]>
              </value>
            </param>
          </params>
          <reporter-output>
          </reporter-output>
        </test-method> <!-- runScenario -->
        <test-method signature="runScenario(io.cucumber.testng.PickleWrapper,io.cucumber.testng.FeatureWrapper)[pri:0, instance:Runner.TestRunner@5286c33a]" started-at="2025-03-03T11:07:19 IST" name="runScenario" description="Runs Cucumber Scenarios" data-provider="scenarios" finished-at="2025-03-03T11:07:27 IST" duration-ms="7620" status="PASS">
          <params>
            <param index="0">
              <value>
                <![CDATA["Successful Login sing excel data"]]>
              </value>
            </param>
            <param index="1">
              <value>
                <![CDATA["LoginUsingExcelData Feature"]]>
              </value>
            </param>
          </params>
          <reporter-output>
          </reporter-output>
        </test-method> <!-- runScenario -->
        <test-method signature="runScenario(io.cucumber.testng.PickleWrapper,io.cucumber.testng.FeatureWrapper)[pri:0, instance:Runner.TestRunner@5286c33a]" started-at="2025-03-03T11:07:27 IST" name="runScenario" description="Runs Cucumber Scenarios" data-provider="scenarios" finished-at="2025-03-03T11:07:35 IST" duration-ms="7475" status="PASS">
          <params>
            <param index="0">
              <value>
                <![CDATA["Successful Login sing excel data"]]>
              </value>
            </param>
            <param index="1">
              <value>
                <![CDATA["LoginUsingExcelData Feature"]]>
              </value>
            </param>
          </params>
          <reporter-output>
          </reporter-output>
        </test-method> <!-- runScenario -->
        <test-method signature="runScenario(io.cucumber.testng.PickleWrapper,io.cucumber.testng.FeatureWrapper)[pri:0, instance:Runner.TestRunner@5286c33a]" started-at="2025-03-03T11:07:35 IST" name="runScenario" description="Runs Cucumber Scenarios" data-provider="scenarios" finished-at="2025-03-03T11:07:42 IST" duration-ms="7902" status="PASS">
          <params>
            <param index="0">
              <value>
                <![CDATA["Successful Login sing excel data"]]>
              </value>
            </param>
            <param index="1">
              <value>
                <![CDATA["LoginUsingExcelData Feature"]]>
              </value>
            </param>
          </params>
          <reporter-output>
          </reporter-output>
        </test-method> <!-- runScenario -->
        <test-method signature="runScenario(io.cucumber.testng.PickleWrapper,io.cucumber.testng.FeatureWrapper)[pri:0, instance:Runner.TestRunner@5286c33a]" started-at="2025-03-03T11:07:42 IST" name="runScenario" description="Runs Cucumber Scenarios" data-provider="scenarios" finished-at="2025-03-03T11:07:55 IST" duration-ms="12821" status="PASS">
          <params>
            <param index="0">
              <value>
                <![CDATA["Successful resgistration"]]>
              </value>
            </param>
            <param index="1">
              <value>
                <![CDATA["Account Registration Feature"]]>
              </value>
            </param>
          </params>
          <reporter-output>
          </reporter-output>
        </test-method> <!-- runScenario -->
        <test-method is-config="true" signature="tearDownClass()[pri:0, instance:Runner.TestRunner@5286c33a]" started-at="2025-03-03T11:07:55 IST" name="tearDownClass" finished-at="2025-03-03T11:08:12 IST" duration-ms="16412" status="PASS">
          <reporter-output>
          </reporter-output>
        </test-method> <!-- tearDownClass -->
      </class> <!-- Runner.TestRunner -->
    </test> <!-- Surefire test -->
  </suite> <!-- Surefire suite -->
</testng-results>
