<?xml version="1.0" encoding="UTF-8"?>
<!-- Generated by org.testng.reporters.JUnitReportReporter -->
<testsuite hostname="DESKTOP-3BDBSD1" failures="0" tests="9" name="Runner.TestRunner" time="128.448" errors="1" timestamp="2025-02-28T17:19:20 IST" skipped="0">
  <testcase classname="Runner.TestRunner" name="runScenario" time="11.771"/>
  <testcase classname="Runner.TestRunner" name="runScenario" time="12.164"/>
  <testcase classname="Runner.TestRunner" name="runScenario" time="25.773"/>
  <testcase classname="Runner.TestRunner" name="runScenario" time="9.585">
    <error message="Index 5 out of bounds for length 5" type="java.lang.IndexOutOfBoundsException">
      <![CDATA[java.lang.IndexOutOfBoundsException: Index 5 out of bounds for length 5
at java.base/jdk.internal.util.Preconditions.outOfBounds(Preconditions.java:64)
at java.base/jdk.internal.util.Preconditions.outOfBoundsCheckIndex(Preconditions.java:70)
at java.base/jdk.internal.util.Preconditions.checkIndex(Preconditions.java:266)
at java.base/java.util.Objects.checkIndex(Objects.java:359)
at java.base/java.util.ArrayList.get(ArrayList.java:427)
at StepsDefination.LoginSteps.the_user_navigates_to_my_account_page_by_passing_email_and_passwordwith_excel_row(LoginSteps.java:71)
at ✽.the user navigates to my account page by passing email and passwordwith excel row "6"(file:///C:/Users/Admin/git/repository2/CucumberFramework/./Features/LoginUsingExcelData.feature:5)
]]>
    </error>
  </testcase> <!-- runScenario -->
  <testcase classname="Runner.TestRunner" name="runScenario" time="12.609"/>
  <testcase classname="Runner.TestRunner" name="runScenario" time="12.233"/>
  <testcase classname="Runner.TestRunner" name="runScenario" time="24.654"/>
  <testcase classname="Runner.TestRunner" name="runScenario" time="9.719"/>
  <testcase classname="Runner.TestRunner" name="runScenario" time="9.940"/>
</testsuite> <!-- Runner.TestRunner -->
